#! /usr/bin/vvp
:ivl_version "11.0 (stable)";
:ivl_delay_selection "TYPICAL";
:vpi_time_precision + 0;
:vpi_module "/usr/lib/x86_64-linux-gnu/ivl/system.vpi";
:vpi_module "/usr/lib/x86_64-linux-gnu/ivl/vhdl_sys.vpi";
:vpi_module "/usr/lib/x86_64-linux-gnu/ivl/vhdl_textio.vpi";
:vpi_module "/usr/lib/x86_64-linux-gnu/ivl/v2005_math.vpi";
:vpi_module "/usr/lib/x86_64-linux-gnu/ivl/va_math.vpi";
S_0x561e68f561f0 .scope module, "counter10" "counter10" 2 1;
 .timescale 0 0;
    .port_info 0 /INPUT 1 "rstn";
    .port_info 1 /INPUT 1 "clk";
    .port_info 2 /OUTPUT 4 "cnt";
    .port_info 3 /OUTPUT 1 "cout";
L_0x561e68f79a40 .functor BUFZ 4, v0x561e68f79610_0, C4<0000>, C4<0000>, C4<0000>;
L_0x7fb56c067018 .functor BUFT 1, C4<1001>, C4<0>, C4<0>, C4<0>;
v0x561e68f563f0_0 .net/2u *"_ivl_0", 3 0, L_0x7fb56c067018;  1 drivers
o0x7fb56c0b0048 .functor BUFZ 1, C4<z>; HiZ drive
v0x561e68f79460_0 .net "clk", 0 0, o0x7fb56c0b0048;  0 drivers
v0x561e68f79520_0 .net "cnt", 3 0, L_0x561e68f79a40;  1 drivers
v0x561e68f79610_0 .var "cnt_temp", 3 0;
v0x561e68f796f0_0 .net "cout", 0 0, L_0x561e68f798f0;  1 drivers
o0x7fb56c0b0108 .functor BUFZ 1, C4<z>; HiZ drive
v0x561e68f797b0_0 .net "rstn", 0 0, o0x7fb56c0b0108;  0 drivers
E_0x561e68f68c00/0 .event negedge, v0x561e68f797b0_0;
E_0x561e68f68c00/1 .event posedge, v0x561e68f79460_0;
E_0x561e68f68c00 .event/or E_0x561e68f68c00/0, E_0x561e68f68c00/1;
L_0x561e68f798f0 .cmp/eq 4, v0x561e68f79610_0, L_0x7fb56c067018;
    .scope S_0x561e68f561f0;
T_0 ;
    %wait E_0x561e68f68c00;
    %load/vec4 v0x561e68f797b0_0;
    %nor/r;
    %flag_set/vec4 8;
    %jmp/0xz  T_0.0, 8;
    %pushi/vec4 0, 0, 4;
    %assign/vec4 v0x561e68f79610_0, 0;
    %jmp T_0.1;
T_0.0 ;
    %load/vec4 v0x561e68f79610_0;
    %cmpi/e 9, 0, 4;
    %jmp/0xz  T_0.2, 4;
    %pushi/vec4 0, 0, 4;
    %assign/vec4 v0x561e68f79610_0, 0;
    %jmp T_0.3;
T_0.2 ;
    %load/vec4 v0x561e68f79610_0;
    %addi 1, 0, 4;
    %assign/vec4 v0x561e68f79610_0, 0;
T_0.3 ;
T_0.1 ;
    %jmp T_0;
    .thread T_0;
# The file index is used to find the file name in the following table.
:file_names 3;
    "N/A";
    "<interactive>";
    "counter10.v";
